2024-05-25 20:56:01,098 - pythonic - DEBUG - Craft Owner: Ahmad Hasan
2024-05-25 20:56:01,113 - pythonic - DEBUG - Service Type: electrical
2024-05-25 20:56:01,114 - pythonic - DEBUG - Selected Date (str): None
2024-05-25 20:56:01,116 - pythonic - DEBUG - Converted selected_date to: None
2024-05-25 20:56:01,126 - pythonic - DEBUG - Fetched user: User('Ahmad Hasan', 'ahmad_20@example.com', 'electrical men.jpg')
2024-05-25 20:56:01,133 - pythonic - DEBUG - Fetched availabilities: [Availability('09:00:00', '16:00:00', 'sunday,monday,tuesday,wednesday,thursday,friday,saturday')]
2024-05-25 20:56:01,133 - pythonic - DEBUG - Collected availability_ids: [3]
2024-05-25 20:56:01,460 - pythonic - DEBUG - Extracted available dates: ['2024-05-24', '2024-05-25', '2024-05-26', '2024-05-27', '2024-05-28', '2024-05-29', '2024-05-30', '2024-05-31', '2024-06-01', '2024-06-02', '2024-06-03', '2024-06-04', '2024-06-05', '2024-06-06', '2024-06-07', '2024-06-08', '2024-06-09', '2024-06-10', '2024-06-11', '2024-06-12', '2024-06-13', '2024-06-14', '2024-06-15', '2024-06-16', '2024-06-17', '2024-06-18', '2024-06-19', '2024-06-20', '2024-06-21', '2024-06-22', '2024-06-23']
2024-05-25 20:56:01,460 - pythonic - DEBUG - Selected date is None or invalid.
2024-05-25 20:56:14,722 - pythonic - DEBUG - Craft Owner: Ahmad Hasan
2024-05-25 20:56:14,726 - pythonic - DEBUG - Service Type: electrical
2024-05-25 20:56:14,726 - pythonic - DEBUG - Selected Date (str): 2024-05-31
2024-05-25 20:56:14,730 - pythonic - DEBUG - Converted selected_date to: 2024-05-31
2024-05-25 20:56:14,735 - pythonic - DEBUG - Fetched user: User('Ahmad Hasan', 'ahmad_20@example.com', 'electrical men.jpg')
2024-05-25 20:56:14,735 - pythonic - DEBUG - Fetched availabilities: [Availability('09:00:00', '16:00:00', 'sunday,monday,tuesday,wednesday,thursday,friday,saturday')]
2024-05-25 20:56:14,735 - pythonic - DEBUG - Collected availability_ids: [3]
2024-05-25 20:56:14,859 - pythonic - DEBUG - Extracted available dates: ['2024-05-24', '2024-05-25', '2024-05-26', '2024-05-27', '2024-05-28', '2024-05-29', '2024-05-30', '2024-05-31', '2024-06-01', '2024-06-02', '2024-06-03', '2024-06-04', '2024-06-05', '2024-06-06', '2024-06-07', '2024-06-08', '2024-06-09', '2024-06-10', '2024-06-11', '2024-06-12', '2024-06-13', '2024-06-14', '2024-06-15', '2024-06-16', '2024-06-17', '2024-06-18', '2024-06-19', '2024-06-20', '2024-06-21', '2024-06-22', '2024-06-23']
2024-05-25 20:56:14,866 - pythonic - DEBUG - Filtered slots query: [Slot('58', '09:00:00-10:00:00', 'Available: 1', 'Date: 2024-05-31'), Slot('59', '10:00:00-11:00:00', 'Available: 1', 'Date: 2024-05-31'), Slot('60', '11:00:00-12:00:00', 'Available: 1', 'Date: 2024-05-31'), Slot('61', '12:00:00-13:00:00', 'Available: 1', 'Date: 2024-05-31'), Slot('62', '13:00:00-14:00:00', 'Available: 1', 'Date: 2024-05-31'), Slot('63', '14:00:00-15:00:00', 'Available: 1', 'Date: 2024-05-31'), Slot('64', '15:00:00-16:00:00', 'Available: 1', 'Date: 2024-05-31')]
2024-05-25 21:00:15,425 - pythonic - DEBUG - Craft Owner: Ahmad Hasan
2024-05-25 21:00:15,425 - pythonic - DEBUG - Service Type: electrical
2024-05-25 21:00:15,425 - pythonic - DEBUG - Selected Date (str): 2024-05-24
2024-05-25 21:00:15,442 - pythonic - DEBUG - Converted selected_date to: 2024-05-24
2024-05-25 21:00:15,447 - pythonic - DEBUG - Fetched user: User('Ahmad Hasan', 'ahmad_20@example.com', 'electrical men.jpg')
2024-05-25 21:00:15,484 - pythonic - DEBUG - Fetched availabilities: [Availability('09:00:00', '16:00:00', 'sunday,monday,tuesday,wednesday,thursday,friday,saturday')]
2024-05-25 21:00:15,526 - pythonic - DEBUG - Collected availability_ids: [3]
2024-05-25 21:00:15,601 - pythonic - DEBUG - Extracted available dates: ['2024-05-24', '2024-05-25', '2024-05-26', '2024-05-27', '2024-05-28', '2024-05-29', '2024-05-30', '2024-05-31', '2024-06-01', '2024-06-02', '2024-06-03', '2024-06-04', '2024-06-05', '2024-06-06', '2024-06-07', '2024-06-08', '2024-06-09', '2024-06-10', '2024-06-11', '2024-06-12', '2024-06-13', '2024-06-14', '2024-06-15', '2024-06-16', '2024-06-17', '2024-06-18', '2024-06-19', '2024-06-20', '2024-06-21', '2024-06-22', '2024-06-23']
2024-05-25 21:00:15,605 - pythonic - DEBUG - Filtered slots query: [Slot('10', '10:00:00-11:00:00', 'Available: 1', 'Date: 2024-05-24'), Slot('11', '11:00:00-12:00:00', 'Available: 1', 'Date: 2024-05-24'), Slot('12', '12:00:00-13:00:00', 'Available: 1', 'Date: 2024-05-24'), Slot('13', '13:00:00-14:00:00', 'Available: 1', 'Date: 2024-05-24'), Slot('14', '14:00:00-15:00:00', 'Available: 1', 'Date: 2024-05-24'), Slot('15', '15:00:00-16:00:00', 'Available: 1', 'Date: 2024-05-24')]
2024-05-25 21:00:15,610 - pythonic - DEBUG - Form validated successfully
2024-05-25 21:01:45,043 - pythonic - DEBUG - Craft Owner: Ahmad Hasan
2024-05-25 21:01:45,047 - pythonic - DEBUG - Service Type: electrical
2024-05-25 21:01:45,048 - pythonic - DEBUG - Selected Date (str): 2024-05-24
2024-05-25 21:01:45,050 - pythonic - DEBUG - Converted selected_date to: 2024-05-24
2024-05-25 21:01:45,050 - pythonic - DEBUG - Fetched user: User('Ahmad Hasan', 'ahmad_20@example.com', 'electrical men.jpg')
2024-05-25 21:01:45,058 - pythonic - DEBUG - Fetched availabilities: [Availability('09:00:00', '16:00:00', 'sunday,monday,tuesday,wednesday,thursday,friday,saturday')]
2024-05-25 21:01:45,058 - pythonic - DEBUG - Collected availability_ids: [3]
2024-05-25 21:01:45,131 - pythonic - DEBUG - Extracted available dates: ['2024-05-24', '2024-05-25', '2024-05-26', '2024-05-27', '2024-05-28', '2024-05-29', '2024-05-30', '2024-05-31', '2024-06-01', '2024-06-02', '2024-06-03', '2024-06-04', '2024-06-05', '2024-06-06', '2024-06-07', '2024-06-08', '2024-06-09', '2024-06-10', '2024-06-11', '2024-06-12', '2024-06-13', '2024-06-14', '2024-06-15', '2024-06-16', '2024-06-17', '2024-06-18', '2024-06-19', '2024-06-20', '2024-06-21', '2024-06-22', '2024-06-23']
2024-05-25 21:01:45,131 - pythonic - DEBUG - Filtered slots query: [Slot('10', '10:00:00-11:00:00', 'Available: 1', 'Date: 2024-05-24'), Slot('11', '11:00:00-12:00:00', 'Available: 1', 'Date: 2024-05-24'), Slot('12', '12:00:00-13:00:00', 'Available: 1', 'Date: 2024-05-24'), Slot('13', '13:00:00-14:00:00', 'Available: 1', 'Date: 2024-05-24'), Slot('14', '14:00:00-15:00:00', 'Available: 1', 'Date: 2024-05-24'), Slot('15', '15:00:00-16:00:00', 'Available: 1', 'Date: 2024-05-24')]
2024-05-25 21:01:45,131 - pythonic - DEBUG - Form validated successfully
2024-05-25 21:01:45,131 - pythonic - DEBUG - Selected slot: Slot('10', '10:00:00-11:00:00', 'Available: 1', 'Date: 2024-05-24')
2024-05-25 21:01:45,131 - pythonic - DEBUG - Appointment object created: <Appointment Raghad Alia on 2024-05-24 at 10:00:00-11:00:00>
2024-05-25 21:01:45,139 - pythonic - ERROR - An error occurred while committing to the database: (builtins.TypeError) SQLite Date type only accepts Python date objects as input.
[SQL: INSERT INTO appointment (first_name, last_name, phone_number, street_address, city, state, postal_code, appointment_date, appointment_time, craft_owner, customer_id, appointment_purpose, message) VALUES (?, ?, ?, ?, ?, ?, ?, ?, ?, ?, ?, ?, ?)]
[parameters: [{'last_name': 'Alia', 'first_name': 'Raghad', 'appointment_time': '10:00:00-11:00:00', 'appointment_date': '2024-05-24', 'message': '', 'customer_id': ... (46 characters truncated) ...  man to fix my Frager ', 'craft_owner': 'Ahmad Hasan', 'city': None, 'state': None, 'phone_number': None, 'postal_code': None, 'street_address': None}]]
2024-05-25 21:06:59,385 - pythonic - DEBUG - Craft Owner: Ahmad Hasan
2024-05-25 21:06:59,385 - pythonic - DEBUG - Service Type: electrical
2024-05-25 21:06:59,385 - pythonic - DEBUG - Selected Date (str): 2024-05-24
2024-05-25 21:06:59,404 - pythonic - DEBUG - Converted selected_date to: 2024-05-24
2024-05-25 21:06:59,417 - pythonic - DEBUG - Fetched user: User('Ahmad Hasan', 'ahmad_20@example.com', 'electrical men.jpg')
2024-05-25 21:06:59,422 - pythonic - DEBUG - Fetched availabilities: [Availability('09:00:00', '16:00:00', 'sunday,monday,tuesday,wednesday,thursday,friday,saturday')]
2024-05-25 21:06:59,422 - pythonic - DEBUG - Collected availability_ids: [3]
2024-05-25 21:06:59,560 - pythonic - DEBUG - Extracted available dates: ['2024-05-24', '2024-05-25', '2024-05-26', '2024-05-27', '2024-05-28', '2024-05-29', '2024-05-30', '2024-05-31', '2024-06-01', '2024-06-02', '2024-06-03', '2024-06-04', '2024-06-05', '2024-06-06', '2024-06-07', '2024-06-08', '2024-06-09', '2024-06-10', '2024-06-11', '2024-06-12', '2024-06-13', '2024-06-14', '2024-06-15', '2024-06-16', '2024-06-17', '2024-06-18', '2024-06-19', '2024-06-20', '2024-06-21', '2024-06-22', '2024-06-23']
2024-05-25 21:06:59,569 - pythonic - DEBUG - Filtered slots query: [Slot('10', '10:00:00-11:00:00', 'Available: 1', 'Date: 2024-05-24'), Slot('11', '11:00:00-12:00:00', 'Available: 1', 'Date: 2024-05-24'), Slot('12', '12:00:00-13:00:00', 'Available: 1', 'Date: 2024-05-24'), Slot('13', '13:00:00-14:00:00', 'Available: 1', 'Date: 2024-05-24'), Slot('14', '14:00:00-15:00:00', 'Available: 1', 'Date: 2024-05-24'), Slot('15', '15:00:00-16:00:00', 'Available: 1', 'Date: 2024-05-24')]
2024-05-25 21:07:02,620 - pythonic - DEBUG - Craft Owner: Ahmad Hasan
2024-05-25 21:07:02,626 - pythonic - DEBUG - Service Type: electrical
2024-05-25 21:07:02,631 - pythonic - DEBUG - Selected Date (str): 2024-05-24
2024-05-25 21:07:02,631 - pythonic - DEBUG - Converted selected_date to: 2024-05-24
2024-05-25 21:07:02,637 - pythonic - DEBUG - Fetched user: User('Ahmad Hasan', 'ahmad_20@example.com', 'electrical men.jpg')
2024-05-25 21:07:02,643 - pythonic - DEBUG - Fetched availabilities: [Availability('09:00:00', '16:00:00', 'sunday,monday,tuesday,wednesday,thursday,friday,saturday')]
2024-05-25 21:07:02,643 - pythonic - DEBUG - Collected availability_ids: [3]
2024-05-25 21:07:52,933 - pythonic - DEBUG - Craft Owner: Ahmad Hasan
2024-05-31 11:33:56,224 - pythonic - DEBUG - Craft Owner: Ahmad Hasan
